2024-11-30T09:33:27.687Z [INFO]: Task [Travel] is overdue.
2024-11-30T09:33:27.694Z [INFO]: Task [Excercise] is overdue.
2024-11-30T09:33:27.695Z [INFO]: Task [Running] is overdue.
2024-11-30T09:33:27.696Z [INFO]: Task [Rest] is overdue.
2024-11-30T09:33:27.697Z [INFO]: Task [Emails] is overdue.
2024-11-30T09:33:27.698Z [INFO]: Task [Project] is overdue.
2024-11-30T09:33:27.699Z [INFO]: Task [Meeting] is overdue.
2024-11-30T09:33:27.700Z [INFO]: Task [Workout] is overdue.
2024-11-30T09:33:27.701Z [INFO]: Task [Shopping] is overdue.
2024-11-30T09:33:27.702Z [INFO]: Task [Cleaning] is overdue.
2024-11-30T09:33:27.703Z [INFO]: Task [Cooking] is overdue.
2024-11-30T09:33:27.704Z [INFO]: Task [Reading] is overdue.
2024-11-30T09:33:27.713Z [INFO]: Updated 12 overdue tasks.

2024-11-30T10:15:00.731Z [INFO]: Task [Travel] is overdue.
2024-11-30T10:15:00.737Z [INFO]: Task [Excercise] is overdue.
2024-11-30T10:15:00.739Z [INFO]: Task [Running] is overdue.
2024-11-30T10:15:00.740Z [INFO]: Task [Rest] is overdue.
2024-11-30T10:15:00.741Z [INFO]: Task [Emails] is overdue.
2024-11-30T10:15:00.742Z [INFO]: Task [Project] is overdue.
2024-11-30T10:15:00.743Z [INFO]: Task [Meeting] is overdue.
2024-11-30T10:15:00.743Z [INFO]: Task [Workout] is overdue.
2024-11-30T10:15:00.744Z [INFO]: Task [Shopping] is overdue.
2024-11-30T10:15:00.746Z [INFO]: Task [Cleaning] is overdue.
2024-11-30T10:15:00.747Z [INFO]: Task [Cooking] is overdue.
2024-11-30T10:15:00.748Z [INFO]: Task [Reading] is overdue.
2024-11-30T10:15:00.775Z [INFO]: Updated 12 overdue tasks.
